{
  "uuid": "7a4ac9cc-4b3f-4f9f-890f-3f53f1f8476b",
  "historyId": "eb3351387bbde12fa1910327542b7c02",
  "testCaseId": "ec0474f6e42b745313f977145a5d96b4",
  "fullName": "BluetoothPermission/Features/bluetoothpermission/Verify flow is completed on denying through OS for bluetooth permission",
  "labels": [
    {
      "name": "host",
      "value": "IRAYAUTO009"
    },
    {
      "name": "thread",
      "value": "NonParallelWorker"
    },
    {
      "name": "language",
      "value": "C#"
    },
    {
      "name": "framework",
      "value": "Reqnroll"
    },
    {
      "name": "package",
      "value": "Features.bluetoothpermission"
    },
    {
      "name": "feature",
      "value": "bluetoothpermission"
    },
    {
      "name": "tag",
      "value": "tag1"
    }
  ],
  "links": [],
  "name": "Verify flow is completed on denying through OS for bluetooth permission",
  "status": "broken",
  "statusDetails": {
    "known": false,
    "muted": false,
    "flaky": false,
    "message": "Thrown exception : System.Exception: Element 'Search' not found using AutomationID: '//android.widget.AutoCompleteTextView[@resource-id='com.ReSound.TestMultiplePlugins:id/search_src_text']' after waiting for 30 seconds.\r\n   at BluetoothPermission.Pages.Pagebase.WaitForElementToBeVisible(BluetoothPermissionPluginPage page, String elementName, Int32 timeoutInSeconds) in C:\\Users\\iray\\source\\repos\\BluetoothPermission\\Pages\\Pagebase.cs:line 134\r\n   at BluetoothPermission.StepDefinitions.steps.ThenVerifyIsOn(String ok, String isDisplayed, String pagename) in C:\\Users\\iray\\source\\repos\\BluetoothPermission\\StepDefinitions\\steps.cs:line 86",
    "trace": "System.Exception: Thrown exception : System.Exception: Element 'Search' not found using AutomationID: '//android.widget.AutoCompleteTextView[@resource-id='com.ReSound.TestMultiplePlugins:id/search_src_text']' after waiting for 30 seconds.\r\n   at BluetoothPermission.Pages.Pagebase.WaitForElementToBeVisible(BluetoothPermissionPluginPage page, String elementName, Int32 timeoutInSeconds) in C:\\Users\\iray\\source\\repos\\BluetoothPermission\\Pages\\Pagebase.cs:line 134\r\n   at BluetoothPermission.StepDefinitions.steps.ThenVerifyIsOn(String ok, String isDisplayed, String pagename) in C:\\Users\\iray\\source\\repos\\BluetoothPermission\\StepDefinitions\\steps.cs:line 86\r\n   at BluetoothPermission.StepDefinitions.steps.ThenVerifyIsOn(String ok, String isDisplayed, String pagename) in C:\\Users\\iray\\source\\repos\\BluetoothPermission\\StepDefinitions\\steps.cs:line 110\r\n   at BluetoothPermission.StepDefinitions.steps.ThenVerifyPluginIsCompleted() in C:\\Users\\iray\\source\\repos\\BluetoothPermission\\StepDefinitions\\steps.cs:line 154\r\n   at InvokeStub_Action`1.Invoke(Object, Span`1)\r\n   at System.Reflection.MethodBaseInvoker.InvokeWithOneArg(Object obj, BindingFlags invokeAttr, Binder binder, Object[] parameters, CultureInfo culture)\r\n--- End of stack trace from previous location ---\r\n   at Reqnroll.Bindings.BindingInvoker.InvokeBindingAsync(IBinding binding, IContextManager contextManager, Object[] arguments, ITestTracer testTracer, DurationHolder durationHolder)\r\n   at Reqnroll.Infrastructure.TestExecutionEngine.ExecuteStepMatchAsync(BindingMatch match, Object[] arguments, DurationHolder durationHolder)\r\n   at Reqnroll.Infrastructure.TestExecutionEngine.ExecuteStepAsync(IContextManager contextManager, StepInstance stepInstance)\r\n   at Reqnroll.Infrastructure.TestExecutionEngine.OnAfterLastStepAsync()\r\n   at Reqnroll.TestRunner.CollectScenarioErrorsAsync()\r\n   at Allure.ReqnrollPlugin.SelectiveRun.TestPlanAwareTestRunner.CollectScenarioErrorsAsync()\r\n   at BluetoothPermission.Features.BluetoothpermissionFeature.ScenarioCleanupAsync()\r\n   at BluetoothPermission.Features.BluetoothpermissionFeature.VerifyFlowIsCompletedOnDenyingThroughOSForBluetoothPermission() in C:\\Users\\iray\\source\\repos\\BluetoothPermission\\Features\\Feature1.feature:line 78\r\n   at NUnit.Framework.Internal.TaskAwaitAdapter.GenericAdapter`1.GetResult()\r\n   at NUnit.Framework.Internal.AsyncToSyncAdapter.Await(Func`1 invoke)\r\n   at NUnit.Framework.Internal.Commands.TestMethodCommand.RunTestMethod(TestExecutionContext context)\r\n   at NUnit.Framework.Internal.Commands.TestMethodCommand.Execute(TestExecutionContext context)\r\n   at NUnit.Framework.Internal.Commands.BeforeAndAfterTestCommand.<>c__DisplayClass1_0.<Execute>b__0()\r\n   at NUnit.Framework.Internal.Commands.BeforeAndAfterTestCommand.RunTestMethodInThreadAbortSafeZone(TestExecutionContext context, Action action)"
  },
  "stage": "finished",
  "steps": [
    {
      "name": "Given I launch the plugin app",
      "status": "passed",
      "statusDetails": {
        "known": false,
        "muted": false,
        "flaky": false
      },
      "stage": "finished",
      "steps": [],
      "attachments": [],
      "parameters": [],
      "start": 1744870798798,
      "stop": 1744870812293
    },
    {
      "name": "Given I scroll 'Down' and launch plugin 'BluetoothPermissionPlugin'",
      "status": "passed",
      "statusDetails": {
        "known": false,
        "muted": false,
        "flaky": false
      },
      "stage": "finished",
      "steps": [],
      "attachments": [],
      "parameters": [],
      "start": 1744870812296,
      "stop": 1744870816879
    },
    {
      "name": "Given I press 'Ok' on 'BluetoothPermissionPluginPage'",
      "status": "passed",
      "statusDetails": {
        "known": false,
        "muted": false,
        "flaky": false
      },
      "stage": "finished",
      "steps": [],
      "attachments": [],
      "parameters": [],
      "start": 1744870816879,
      "stop": 1744870821160
    },
    {
      "name": "When I 'Deny' permission request",
      "status": "passed",
      "statusDetails": {
        "known": false,
        "muted": false,
        "flaky": false
      },
      "stage": "finished",
      "steps": [],
      "attachments": [],
      "parameters": [],
      "start": 1744870821161,
      "stop": 1744870825368
    },
    {
      "name": "When I terminate and relaunch the plugin app",
      "status": "passed",
      "statusDetails": {
        "known": false,
        "muted": false,
        "flaky": false
      },
      "stage": "finished",
      "steps": [],
      "attachments": [],
      "parameters": [],
      "start": 1744870825368,
      "stop": 1744870843260
    },
    {
      "name": "Then verify plugin is completed",
      "status": "broken",
      "statusDetails": {
        "known": false,
        "muted": false,
        "flaky": false,
        "message": "Thrown exception : System.Exception: Element 'Search' not found using AutomationID: '//android.widget.AutoCompleteTextView[@resource-id='com.ReSound.TestMultiplePlugins:id/search_src_text']' after waiting for 30 seconds.\r\n   at BluetoothPermission.Pages.Pagebase.WaitForElementToBeVisible(BluetoothPermissionPluginPage page, String elementName, Int32 timeoutInSeconds) in C:\\Users\\iray\\source\\repos\\BluetoothPermission\\Pages\\Pagebase.cs:line 134\r\n   at BluetoothPermission.StepDefinitions.steps.ThenVerifyIsOn(String ok, String isDisplayed, String pagename) in C:\\Users\\iray\\source\\repos\\BluetoothPermission\\StepDefinitions\\steps.cs:line 86",
        "trace": "System.Exception: Thrown exception : System.Exception: Element 'Search' not found using AutomationID: '//android.widget.AutoCompleteTextView[@resource-id='com.ReSound.TestMultiplePlugins:id/search_src_text']' after waiting for 30 seconds.\r\n   at BluetoothPermission.Pages.Pagebase.WaitForElementToBeVisible(BluetoothPermissionPluginPage page, String elementName, Int32 timeoutInSeconds) in C:\\Users\\iray\\source\\repos\\BluetoothPermission\\Pages\\Pagebase.cs:line 134\r\n   at BluetoothPermission.StepDefinitions.steps.ThenVerifyIsOn(String ok, String isDisplayed, String pagename) in C:\\Users\\iray\\source\\repos\\BluetoothPermission\\StepDefinitions\\steps.cs:line 86\r\n   at BluetoothPermission.StepDefinitions.steps.ThenVerifyIsOn(String ok, String isDisplayed, String pagename) in C:\\Users\\iray\\source\\repos\\BluetoothPermission\\StepDefinitions\\steps.cs:line 110\r\n   at BluetoothPermission.StepDefinitions.steps.ThenVerifyPluginIsCompleted() in C:\\Users\\iray\\source\\repos\\BluetoothPermission\\StepDefinitions\\steps.cs:line 154\r\n   at InvokeStub_Action`1.Invoke(Object, Span`1)\r\n   at System.Reflection.MethodBaseInvoker.InvokeWithOneArg(Object obj, BindingFlags invokeAttr, Binder binder, Object[] parameters, CultureInfo culture)\r\n--- End of stack trace from previous location ---\r\n   at Reqnroll.Bindings.BindingInvoker.InvokeBindingAsync(IBinding binding, IContextManager contextManager, Object[] arguments, ITestTracer testTracer, DurationHolder durationHolder)\r\n   at Reqnroll.Infrastructure.TestExecutionEngine.ExecuteStepMatchAsync(BindingMatch match, Object[] arguments, DurationHolder durationHolder)\r\n   at Reqnroll.Infrastructure.TestExecutionEngine.ExecuteStepAsync(IContextManager contextManager, StepInstance stepInstance)"
      },
      "stage": "finished",
      "steps": [],
      "attachments": [],
      "parameters": [],
      "start": 1744870843260,
      "stop": 1744870875231
    }
  ],
  "attachments": [],
  "parameters": [],
  "start": 1744870798794,
  "stop": 1744870875237
}